Compiled jquery.js  (2ms)  (pid 1089)
Compiled jquery_ujs.js  (0ms)  (pid 1089)
Compiled jquery-ui.js  (47ms)  (pid 1089)
Compiled jquery.cookie.js  (0ms)  (pid 1089)
Compiled jquery.tokeninput.js  (0ms)  (pid 1089)
Compiled jquery.delayedobserver.js  (0ms)  (pid 1089)
Compiled jquery.jstree/jquery.jstree.js  (4ms)  (pid 1089)
Compiled jquery.alerts/jquery.alerts.js  (0ms)  (pid 1089)
Compiled admin/address_states.js  (0ms)  (pid 1089)
Compiled admin/admin.js  (17ms)  (pid 1089)
Compiled admin/calculator.js  (0ms)  (pid 1089)
Compiled admin/checkouts/edit.js  (0ms)  (pid 1089)
Compiled admin/gateway.js  (0ms)  (pid 1089)
Compiled admin/image_settings.js  (0ms)  (pid 1089)
Compiled admin/images/index.js  (0ms)  (pid 1089)
Compiled admin/images/new.js  (0ms)  (pid 1089)
Compiled admin/nested-attribute.js  (0ms)  (pid 1089)
Compiled admin/orders/edit.js  (0ms)  (pid 1089)
Compiled admin/orders/edit_form.js  (0ms)  (pid 1089)
Compiled admin/payments/new.js  (0ms)  (pid 1089)
Compiled admin/products.js  (0ms)  (pid 1089)
Compiled admin/shipping_methods.js  (0ms)  (pid 1089)
Compiled admin/taxonomy.js  (0ms)  (pid 1089)
Compiled admin/underscore-min.js  (0ms)  (pid 1089)
Compiled admin/zone.js  (0ms)  (pid 1089)
Compiled admin/spree_core.js  (441ms)  (pid 1089)
Compiled admin/spree_auth.js  (1ms)  (pid 1089)
Compiled admin/promotions.js  (0ms)  (pid 1089)
Compiled admin/spree_promo.js  (8ms)  (pid 1089)
Compiled admin/all.js  (477ms)  (pid 1089)
Compiled jquery.validate/jquery.validate.min.js  (0ms)  (pid 1089)
Compiled jquery.formalize.min.js  (0ms)  (pid 1089)
Compiled store/checkout.js  (0ms)  (pid 1089)
Compiled store/product.js  (0ms)  (pid 1089)
Compiled store/cart.js  (0ms)  (pid 1089)
Compiled store/spree_core.js  (78ms)  (pid 1089)
Compiled store/spree_auth.js  (1ms)  (pid 1089)
Compiled store/spree_promo.js  (2ms)  (pid 1089)
Compiled store/all.js  (105ms)  (pid 1089)
Compiled application.js  (115ms)  (pid 1089)
Compiled jquery.alerts/jquery.alerts.css  (35ms)  (pid 1089)
Compiled jquery.alerts/jquery.alerts.spree.css  (0ms)  (pid 1089)
Compiled admin/admin-reset.css  (0ms)  (pid 1089)
Compiled admin/admin-tables.css  (15ms)  (pid 1089)
Compiled admin/admin-form.css  (85ms)  (pid 1089)
Compiled admin/admin-typography.css  (0ms)  (pid 1089)
Compiled admin/edit_checkouts.css  (0ms)  (pid 1089)
Compiled admin/token-input.css  (0ms)  (pid 1089)
Compiled jquery-ui.datepicker.css  (143ms)  (pid 1089)
Compiled admin/admin.css  (198ms)  (pid 1089)
Compiled admin/spree_core.css  (549ms)  (pid 1089)
Compiled admin/spree_auth.css  (1ms)  (pid 1089)
Compiled admin/promotions.css  (0ms)  (pid 1089)
Compiled admin/spree_promo.css  (9ms)  (pid 1089)
Compiled admin/all.css  (581ms)  (pid 1089)
Compiled html5reset.css  (0ms)  (pid 1089)
Compiled skeleton.css  (0ms)  (pid 1089)
Compiled jquery.formalize.css  (19ms)  (pid 1089)
Compiled store/screen.css  (305ms)  (pid 1089)
Compiled store/spree_core.css  (403ms)  (pid 1089)
Compiled store/spree_auth.css  (1ms)  (pid 1089)
Compiled store/spree_promo.css  (3ms)  (pid 1089)
Compiled store/all.css  (427ms)  (pid 1089)
Compiled application.css  (432ms)  (pid 1089)
Compiled jquery.jstree/themes/apple/style.css  (0ms)  (pid 1089)
Compiled jquery.js  (1ms)  (pid 1089)
Compiled jquery_ujs.js  (0ms)  (pid 1089)
Compiled jquery-ui.js  (3ms)  (pid 1089)
Compiled jquery.cookie.js  (0ms)  (pid 1089)
Compiled jquery.tokeninput.js  (0ms)  (pid 1089)
Compiled jquery.delayedobserver.js  (0ms)  (pid 1089)
Compiled jquery.jstree/jquery.jstree.js  (4ms)  (pid 1089)
Compiled jquery.alerts/jquery.alerts.js  (0ms)  (pid 1089)
Compiled admin/address_states.js  (0ms)  (pid 1089)
Compiled admin/admin.js  (6ms)  (pid 1089)
Compiled admin/calculator.js  (0ms)  (pid 1089)
Compiled admin/checkouts/edit.js  (0ms)  (pid 1089)
Compiled admin/gateway.js  (0ms)  (pid 1089)
Compiled admin/image_settings.js  (0ms)  (pid 1089)
Compiled admin/images/index.js  (0ms)  (pid 1089)
Compiled admin/images/new.js  (0ms)  (pid 1089)
Compiled admin/nested-attribute.js  (0ms)  (pid 1089)
Compiled admin/orders/edit.js  (0ms)  (pid 1089)
Compiled admin/orders/edit_form.js  (0ms)  (pid 1089)
Compiled admin/payments/new.js  (0ms)  (pid 1089)
Compiled admin/products.js  (0ms)  (pid 1089)
Compiled admin/shipping_methods.js  (0ms)  (pid 1089)
Compiled admin/taxonomy.js  (0ms)  (pid 1089)
Compiled admin/underscore-min.js  (0ms)  (pid 1089)
Compiled admin/zone.js  (0ms)  (pid 1089)
Compiled admin/spree_core.js  (322ms)  (pid 1089)
Compiled admin/spree_auth.js  (1ms)  (pid 1089)
Compiled admin/promotions.js  (0ms)  (pid 1089)
Compiled admin/spree_promo.js  (8ms)  (pid 1089)
Compiled admin/all.js  (408ms)  (pid 1089)
Compiled jquery.validate/jquery.validate.min.js  (0ms)  (pid 1089)
Compiled jquery.formalize.min.js  (0ms)  (pid 1089)
Compiled store/checkout.js  (0ms)  (pid 1089)
Compiled store/product.js  (0ms)  (pid 1089)
Compiled store/cart.js  (0ms)  (pid 1089)
Compiled store/spree_core.js  (35ms)  (pid 1089)
Compiled store/spree_auth.js  (1ms)  (pid 1089)
Compiled store/spree_promo.js  (2ms)  (pid 1089)
Compiled store/all.js  (61ms)  (pid 1089)
Compiled application.js  (73ms)  (pid 1089)
Compiled jquery.alerts/jquery.alerts.css  (1ms)  (pid 1089)
Compiled jquery.alerts/jquery.alerts.spree.css  (0ms)  (pid 1089)
Compiled admin/admin-reset.css  (0ms)  (pid 1089)
Compiled admin/admin-tables.css  (1ms)  (pid 1089)
Compiled admin/admin-form.css  (4ms)  (pid 1089)
Compiled admin/admin-typography.css  (0ms)  (pid 1089)
Compiled admin/edit_checkouts.css  (0ms)  (pid 1089)
Compiled admin/token-input.css  (0ms)  (pid 1089)
Compiled jquery-ui.datepicker.css  (10ms)  (pid 1089)
Compiled admin/admin.css  (12ms)  (pid 1089)
Compiled admin/spree_core.css  (149ms)  (pid 1089)
Compiled admin/spree_auth.css  (1ms)  (pid 1089)
Compiled admin/promotions.css  (0ms)  (pid 1089)
Compiled admin/spree_promo.css  (9ms)  (pid 1089)
Compiled admin/all.css  (181ms)  (pid 1089)
Compiled html5reset.css  (0ms)  (pid 1089)
Compiled skeleton.css  (0ms)  (pid 1089)
Compiled jquery.formalize.css  (9ms)  (pid 1089)
Compiled store/screen.css  (307ms)  (pid 1089)
Compiled store/spree_core.css  (395ms)  (pid 1089)
Compiled store/spree_auth.css  (1ms)  (pid 1089)
Compiled store/spree_promo.css  (3ms)  (pid 1089)
Compiled store/all.css  (422ms)  (pid 1089)
Compiled application.css  (428ms)  (pid 1089)
Compiled jquery.jstree/themes/apple/style.css  (0ms)  (pid 1089)
